account_authenticator_app/build/outputs/logs/manifest-merger-debug-report.txt
-- Merging decision tree log ---
manifest
ADDED from src\main\AndroidManifest.xml:2:1-40:12
	package
		ADDED from src\main\AndroidManifest.xml:3:11-48
		INJECTED from src\main\AndroidManifest.xml
		INJECTED from src\main\AndroidManifest.xml
	android:versionName
		ADDED from src\main\AndroidManifest.xml:5:11-36
	android:versionCode
		ADDED from src\main\AndroidManifest.xml:4:11-34
		INJECTED from src\main\AndroidManifest.xml
		INJECTED from src\main\AndroidManifest.xml
	xmlns:android
		ADDED from src\main\AndroidManifest.xml:2:11-69
uses-sdk
ADDED from src\main\AndroidManifest.xml:7:5-72
MERGED from [Testing:account_authenticator_base:unspecified] AndroidManifest.xml:7:5-9:41
	android:targetSdkVersion
		ADDED from src\main\AndroidManifest.xml:7:41-70
		INJECTED from src\main\AndroidManifest.xml
		INJECTED from src\main\AndroidManifest.xml
	android:minSdkVersion
		ADDED from src\main\AndroidManifest.xml:7:15-40
		INJECTED from src\main\AndroidManifest.xml
		INJECTED from src\main\AndroidManifest.xml
application
ADDED from src\main\AndroidManifest.xml:8:5-29:19
MERGED from [Testing:account_authenticator_base:unspecified] AndroidManifest.xml:15:5-36:19
	android:label
		ADDED from src\main\AndroidManifest.xml:9:13-45
	android:icon
		ADDED from src\main\AndroidManifest.xml:10:13-47
activity#com.udinic.accounts_example.Main1
ADDED from src\main\AndroidManifest.xml:11:9-16:20
	android:name
		ADDED from src\main\AndroidManifest.xml:11:19-40
intent-filter#android.intent.action.MAIN+android.intent.category.LAUNCHER
ADDED from src\main\AndroidManifest.xml:12:13-15:29
category#android.intent.category.LAUNCHER
ADDED from src\main\AndroidManifest.xml:13:17-76
	android:name
		ADDED from src\main\AndroidManifest.xml:13:27-74
action#android.intent.action.MAIN
ADDED from src\main\AndroidManifest.xml:14:17-68
	android:name
		ADDED from src\main\AndroidManifest.xml:14:25-66
activity#com.udinic.accounts_authenticator_example.authentication.AuthenticatorActivity
ADDED from src\main\AndroidManifest.xml:19:9-150
MERGED from [Testing:account_authenticator_base:unspecified] AndroidManifest.xml:20:9-22:51
	android:label
		ADDED from src\main\AndroidManifest.xml:19:113-148
	android:name
		ADDED from src\main\AndroidManifest.xml:19:19-112
activity#com.udinic.accounts_authenticator_example.authentication.SignUpActivity
ADDED from src\main\AndroidManifest.xml:20:9-144
MERGED from [Testing:account_authenticator_base:unspecified] AndroidManifest.xml:23:9-25:52
	android:label
		ADDED from src\main\AndroidManifest.xml:20:106-142
	android:name
		ADDED from src\main\AndroidManifest.xml:20:19-105
service#com.udinic.accounts_authenticator_example.authentication.UdinicAuthenticatorService
ADDED from src\main\AndroidManifest.xml:21:9-27:19
MERGED from [Testing:account_authenticator_base:unspecified] AndroidManifest.xml:27:9-35:19
	android:name
		ADDED from src\main\AndroidManifest.xml:21:18-116
intent-filter#android.accounts.AccountAuthenticator
ADDED from src\main\AndroidManifest.xml:22:13-24:29
action#android.accounts.AccountAuthenticator
ADDED from src\main\AndroidManifest.xml:23:17-80
	android:name
		ADDED from src\main\AndroidManifest.xml:23:25-77
meta-data#android.accounts.AccountAuthenticator
ADDED from src\main\AndroidManifest.xml:25:13-26:64
MERGED from [Testing:account_authenticator_base:unspecified] AndroidManifest.xml:32:13-34:57
	android:resource
		ADDED from src\main\AndroidManifest.xml:26:24-61
	android:name
		ADDED from src\main\AndroidManifest.xml:25:24-76
uses-permission#android.permission.USE_CREDENTIALS
ADDED from src\main\AndroidManifest.xml:32:5-73
	android:name
		ADDED from src\main\AndroidManifest.xml:32:22-71
uses-permission#android.permission.GET_ACCOUNTS
ADDED from src\main\AndroidManifest.xml:33:5-70
	android:name
		ADDED from src\main\AndroidManifest.xml:33:22-68
uses-permission#android.permission.MANAGE_ACCOUNTS
ADDED from src\main\AndroidManifest.xml:34:5-73
	android:name
		ADDED from src\main\AndroidManifest.xml:34:22-71
uses-permission#android.permission.INTERNET
ADDED from src\main\AndroidManifest.xml:37:5-66
MERGED from [Testing:account_authenticator_base:unspecified] AndroidManifest.xml:12:5-67
	android:name
		ADDED from src\main\AndroidManifest.xml:37:22-64
uses-permission#android.permission.AUTHENTICATE_ACCOUNTS
ADDED from src\main\AndroidManifest.xml:38:5-79
MERGED from [Testing:account_authenticator_base:unspecified] AndroidManifest.xml:13:5-80
	android:name
		ADDED from src\main\AndroidManifest.xml:38:22-77